 * Serving Flask app 'app'
 * Debug mode: on
WARNING: This is a development server. Do not use it in a production deployment. Use a production WSGI server instead.
 * Running on http://127.0.0.1:5000
Press CTRL+C to quit
 * Restarting with watchdog (fsevents)
 * Debugger is active!
 * Debugger PIN: 583-795-606
127.0.0.1 - - [11/Mar/2026 10:51:38] "GET / HTTP/1.1" 200 -
 * Detected change in '/Users/craigrow/craigrow_code/Simple_Portfolio/portfolio_engine.py', reloading
 * Restarting with watchdog (fsevents)
 * Debugger is active!
 * Debugger PIN: 583-795-606
 * Detected change in '/Users/craigrow/craigrow_code/Simple_Portfolio/app.py', reloading
 * Restarting with watchdog (fsevents)
 * Debugger is active!
 * Debugger PIN: 583-795-606
 * Detected change in '/Users/craigrow/craigrow_code/Simple_Portfolio/tests/test_portfolio_engine.py', reloading
 * Restarting with watchdog (fsevents)
 * Debugger is active!
 * Debugger PIN: 583-795-606
127.0.0.1 - - [11/Mar/2026 10:54:16] "GET / HTTP/1.1" 200 -
